This is pdfTeX, Version 3.14159265-2.6-1.40.16 (TeX Live 2015/Debian) (preloaded format=pdflatex 2017.10.11)  16 APR 2018 18:29
entering extended mode
 restricted \write18 enabled.
 %&-line parsing enabled.
**Assignment.tex
(./Assignment.tex
LaTeX2e <2016/02/01>
Babel <3.9q> and hyphenation patterns for 5 language(s) loaded.
(/usr/share/texlive/texmf-dist/tex/latex/base/article.cls
Document Class: article 2014/09/29 v1.4h Standard LaTeX document class
(/usr/share/texlive/texmf-dist/tex/latex/base/size11.clo
File: size11.clo 2014/09/29 v1.4h Standard LaTeX file (size option)
)
\c@part=\count79
\c@section=\count80
\c@subsection=\count81
\c@subsubsection=\count82
\c@paragraph=\count83
\c@subparagraph=\count84
\c@figure=\count85
\c@table=\count86
\abovecaptionskip=\skip41
\belowcaptionskip=\skip42
\bibindent=\dimen102
)
(/usr/share/texlive/texmf-dist/tex/latex/base/inputenc.sty
Package: inputenc 2015/03/17 v1.2c Input encoding file
\inpenc@prehook=\toks14
\inpenc@posthook=\toks15

(/usr/share/texlive/texmf-dist/tex/latex/ucs/utf8x.def
File: utf8x.def 2004/10/17 UCS: Input encoding UTF-8
))
(/usr/share/texlive/texmf-dist/tex/latex/ucs/ucs.sty
Package: ucs 2013/05/11 v2.2 UCS: Unicode input support

(/usr/share/texlive/texmf-dist/tex/latex/ucs/data/uni-global.def
File: uni-global.def 2013/05/13 UCS: Unicode global data
)
\uc@secondtry=\count87
\uc@combtoks=\toks16
\uc@combtoksb=\toks17
\uc@temptokena=\toks18
)
(/usr/share/texlive/texmf-dist/tex/latex/amsmath/amsmath.sty
Package: amsmath 2016/03/03 v2.15a AMS math features
\@mathmargin=\skip43

For additional information on amsmath, use the `?' option.
(/usr/share/texlive/texmf-dist/tex/latex/amsmath/amstext.sty
Package: amstext 2000/06/29 v2.01 AMS text

(/usr/share/texlive/texmf-dist/tex/latex/amsmath/amsgen.sty
File: amsgen.sty 1999/11/30 v2.0 generic functions
\@emptytoks=\toks19
\ex@=\dimen103
))
(/usr/share/texlive/texmf-dist/tex/latex/amsmath/amsbsy.sty
Package: amsbsy 1999/11/29 v1.2d Bold Symbols
\pmbraise@=\dimen104
)
(/usr/share/texlive/texmf-dist/tex/latex/amsmath/amsopn.sty
Package: amsopn 1999/12/14 v2.01 operator names
)
\inf@bad=\count88
LaTeX Info: Redefining \frac on input line 199.
\uproot@=\count89
\leftroot@=\count90
LaTeX Info: Redefining \overline on input line 297.
\classnum@=\count91
\DOTSCASE@=\count92
LaTeX Info: Redefining \ldots on input line 394.
LaTeX Info: Redefining \dots on input line 397.
LaTeX Info: Redefining \cdots on input line 518.
\Mathstrutbox@=\box26
\strutbox@=\box27
\big@size=\dimen105
LaTeX Font Info:    Redeclaring font encoding OML on input line 630.
LaTeX Font Info:    Redeclaring font encoding OMS on input line 631.
\macc@depth=\count93
\c@MaxMatrixCols=\count94
\dotsspace@=\muskip10
\c@parentequation=\count95
\dspbrk@lvl=\count96
\tag@help=\toks20
\row@=\count97
\column@=\count98
\maxfields@=\count99
\andhelp@=\toks21
\eqnshift@=\dimen106
\alignsep@=\dimen107
\tagshift@=\dimen108
\tagwidth@=\dimen109
\totwidth@=\dimen110
\lineht@=\dimen111
\@envbody=\toks22
\multlinegap=\skip44
\multlinetaggap=\skip45
\mathdisplay@stack=\toks23
LaTeX Info: Redefining \[ on input line 2735.
LaTeX Info: Redefining \] on input line 2736.
)
(/usr/share/texlive/texmf-dist/tex/latex/amsfonts/amsfonts.sty
Package: amsfonts 2013/01/14 v3.01 Basic AMSFonts support
\symAMSa=\mathgroup4
\symAMSb=\mathgroup5
LaTeX Font Info:    Overwriting math alphabet `\mathfrak' in version `bold'
(Font)                  U/euf/m/n --> U/euf/b/n on input line 106.
)
(/usr/share/texlive/texmf-dist/tex/latex/float/float.sty
Package: float 2001/11/08 v1.3d Float enhancements (AL)
\c@float@type=\count100
\float@exts=\toks24
\float@box=\box28
\@float@everytoks=\toks25
\@floatcapt=\box29
)
(/usr/share/texlive/texmf-dist/tex/latex/amsfonts/amssymb.sty
Package: amssymb 2013/01/14 v3.01 AMS font symbols
)
(/usr/share/texlive/texmf-dist/tex/latex/graphics/graphicx.sty
Package: graphicx 2014/10/28 v1.0g Enhanced LaTeX Graphics (DPC,SPQR)

(/usr/share/texlive/texmf-dist/tex/latex/graphics/keyval.sty
Package: keyval 2014/10/28 v1.15 key=value parser (DPC)
\KV@toks@=\toks26
)
(/usr/share/texlive/texmf-dist/tex/latex/graphics/graphics.sty
Package: graphics 2016/01/03 v1.0q Standard LaTeX Graphics (DPC,SPQR)

(/usr/share/texlive/texmf-dist/tex/latex/graphics/trig.sty
Package: trig 2016/01/03 v1.10 sin cos tan (DPC)
)
(/usr/share/texlive/texmf-dist/tex/latex/latexconfig/graphics.cfg
File: graphics.cfg 2010/04/23 v1.9 graphics configuration of TeX Live
)
Package graphics Info: Driver file: pdftex.def on input line 95.

(/usr/share/texlive/texmf-dist/tex/latex/pdftex-def/pdftex.def
File: pdftex.def 2011/05/27 v0.06d Graphics/color for pdfTeX

(/usr/share/texlive/texmf-dist/tex/generic/oberdiek/infwarerr.sty
Package: infwarerr 2010/04/08 v1.3 Providing info/warning/error messages (HO)
)
(/usr/share/texlive/texmf-dist/tex/generic/oberdiek/ltxcmds.sty
Package: ltxcmds 2011/11/09 v1.22 LaTeX kernel commands for general use (HO)
)
\Gread@gobject=\count101
))
\Gin@req@height=\dimen112
\Gin@req@width=\dimen113
)
(/usr/share/texlive/texmf-dist/tex/latex/setspace/setspace.sty
Package: setspace 2011/12/19 v6.7a set line spacing
)
(/usr/share/texlive/texmf-dist/tex/latex/listings/listings.sty
\lst@mode=\count102
\lst@gtempboxa=\box30
\lst@token=\toks27
\lst@length=\count103
\lst@currlwidth=\dimen114
\lst@column=\count104
\lst@pos=\count105
\lst@lostspace=\dimen115
\lst@width=\dimen116
\lst@newlines=\count106
\lst@lineno=\count107
\lst@maxwidth=\dimen117

(/usr/share/texlive/texmf-dist/tex/latex/listings/lstmisc.sty
File: lstmisc.sty 2015/06/04 1.6 (Carsten Heinz)
\c@lstnumber=\count108
\lst@skipnumbers=\count109
\lst@framebox=\box31
)
(/usr/share/texlive/texmf-dist/tex/latex/listings/listings.cfg
File: listings.cfg 2015/06/04 1.6 listings configuration
))
Package: listings 2015/06/04 1.6 (Carsten Heinz)

(/usr/share/texlive/texmf-dist/tex/latex/pdfpages/pdfpages.sty
Package: pdfpages 2015/09/18 v0.5d Insert pages of external PDF documents (AM)

(/usr/share/texlive/texmf-dist/tex/latex/base/ifthen.sty
Package: ifthen 2014/09/29 v1.1c Standard LaTeX ifthen package (DPC)
)
(/usr/share/texlive/texmf-dist/tex/latex/tools/calc.sty
Package: calc 2014/10/28 v4.3 Infix arithmetic (KKT,FJ)
\calc@Acount=\count110
\calc@Bcount=\count111
\calc@Adimen=\dimen118
\calc@Bdimen=\dimen119
\calc@Askip=\skip46
\calc@Bskip=\skip47
LaTeX Info: Redefining \setlength on input line 80.
LaTeX Info: Redefining \addtolength on input line 81.
\calc@Ccount=\count112
\calc@Cskip=\skip48
)
(/usr/share/texlive/texmf-dist/tex/latex/eso-pic/eso-pic.sty
Package: eso-pic 2015/07/21 v2.0g eso-pic (RN)

(/usr/share/texlive/texmf-dist/tex/generic/oberdiek/atbegshi.sty
Package: atbegshi 2011/10/05 v1.16 At begin shipout hook (HO)

(/usr/share/texlive/texmf-dist/tex/generic/oberdiek/ifpdf.sty
Package: ifpdf 2011/01/30 v2.3 Provides the ifpdf switch (HO)
Package ifpdf Info: pdfTeX in PDF mode is detected.
))
(/usr/share/texlive/texmf-dist/tex/latex/xcolor/xcolor.sty
Package: xcolor 2007/01/21 v2.11 LaTeX color extensions (UK)

(/usr/share/texlive/texmf-dist/tex/latex/latexconfig/color.cfg
File: color.cfg 2007/01/18 v1.5 color configuration of teTeX/TeXLive
)
Package xcolor Info: Driver file: pdftex.def on input line 225.
Package xcolor Info: Model `cmy' substituted by `cmy0' on input line 1337.
Package xcolor Info: Model `hsb' substituted by `rgb' on input line 1341.
Package xcolor Info: Model `RGB' extended on input line 1353.
Package xcolor Info: Model `HTML' substituted by `rgb' on input line 1355.
Package xcolor Info: Model `Hsb' substituted by `hsb' on input line 1356.
Package xcolor Info: Model `tHsb' substituted by `hsb' on input line 1357.
Package xcolor Info: Model `HSB' substituted by `hsb' on input line 1358.
Package xcolor Info: Model `Gray' substituted by `gray' on input line 1359.
Package xcolor Info: Model `wave' substituted by `hsb' on input line 1360.
))
\AM@pagewidth=\dimen120
\AM@pageheight=\dimen121

(/usr/share/texlive/texmf-dist/tex/latex/pdfpages/pppdftex.def
File: pppdftex.def 2015/09/18 v0.5d Pdfpages driver for pdfTeX (AM)
)
\AM@pagebox=\box32
\AM@toc@title=\toks28
\c@AM@survey=\count113
\AM@templatesizebox=\box33
)
(/usr/share/texlive/texmf-dist/tex/latex/tools/bm.sty
Package: bm 2014/10/28 v1.1c Bold Symbol Support (DPC/FMi)
\symboldoperators=\mathgroup6
\symboldletters=\mathgroup7
\symboldsymbols=\mathgroup8
LaTeX Font Info:    Redeclaring math alphabet \mathbf on input line 141.
LaTeX Info: Redefining \bm on input line 207.
)
(/usr/share/texlive/texmf-dist/tex/latex/microtype/microtype.sty
Package: microtype 2013/05/23 v2.5a Micro-typographical refinements (RS)
\MT@toks=\toks29
\MT@count=\count114
LaTeX Info: Redefining \textls on input line 766.
\MT@outer@kern=\dimen122
LaTeX Info: Redefining \textmicrotypecontext on input line 1285.
\MT@listname@count=\count115

(/usr/share/texlive/texmf-dist/tex/latex/microtype/microtype-pdftex.def
File: microtype-pdftex.def 2013/05/23 v2.5a Definitions specific to pdftex (RS)

LaTeX Info: Redefining \lsstyle on input line 915.
LaTeX Info: Redefining \lslig on input line 915.
\MT@outer@space=\skip49
)
Package microtype Info: Loading configuration file microtype.cfg.

(/usr/share/texlive/texmf-dist/tex/latex/microtype/microtype.cfg
File: microtype.cfg 2013/05/23 v2.5a microtype main configuration file (RS)
))
(./Assignment.aux)
\openout1 = `Assignment.aux'.

LaTeX Font Info:    Checking defaults for OML/cmm/m/it on input line 35.
LaTeX Font Info:    ... okay on input line 35.
LaTeX Font Info:    Checking defaults for T1/cmr/m/n on input line 35.
LaTeX Font Info:    ... okay on input line 35.
LaTeX Font Info:    Checking defaults for OT1/cmr/m/n on input line 35.
LaTeX Font Info:    ... okay on input line 35.
LaTeX Font Info:    Checking defaults for OMS/cmsy/m/n on input line 35.
LaTeX Font Info:    ... okay on input line 35.
LaTeX Font Info:    Checking defaults for OMX/cmex/m/n on input line 35.
LaTeX Font Info:    ... okay on input line 35.
LaTeX Font Info:    Checking defaults for U/cmr/m/n on input line 35.
LaTeX Font Info:    ... okay on input line 35.
 (/usr/share/texlive/texmf-dist/tex/latex/ucs/ucsencs.def
File: ucsencs.def 2011/01/21 Fixes to fontencodings LGR, T3
)
(/usr/share/texlive/texmf-dist/tex/context/base/supp-pdf.mkii
[Loading MPS to PDF converter (version 2006.09.02).]
\scratchcounter=\count116
\scratchdimen=\dimen123
\scratchbox=\box34
\nofMPsegments=\count117
\nofMParguments=\count118
\everyMPshowfont=\toks30
\MPscratchCnt=\count119
\MPscratchDim=\dimen124
\MPnumerator=\count120
\makeMPintoPDFobject=\count121
\everyMPtoPDFconversion=\toks31
) (/usr/share/texlive/texmf-dist/tex/generic/oberdiek/pdftexcmds.sty
Package: pdftexcmds 2011/11/29 v0.20 Utility functions of pdfTeX for LuaTeX (HO
)

(/usr/share/texlive/texmf-dist/tex/generic/oberdiek/ifluatex.sty
Package: ifluatex 2010/03/01 v1.3 Provides the ifluatex switch (HO)
Package ifluatex Info: LuaTeX not detected.
)
Package pdftexcmds Info: LuaTeX not detected.
Package pdftexcmds Info: \pdf@primitive is available.
Package pdftexcmds Info: \pdf@ifprimitive is available.
Package pdftexcmds Info: \pdfdraftmode found.
)
(/usr/share/texlive/texmf-dist/tex/latex/oberdiek/epstopdf-base.sty
Package: epstopdf-base 2010/02/09 v2.5 Base part for package epstopdf

(/usr/share/texlive/texmf-dist/tex/latex/oberdiek/grfext.sty
Package: grfext 2010/08/19 v1.1 Manage graphics extensions (HO)

(/usr/share/texlive/texmf-dist/tex/generic/oberdiek/kvdefinekeys.sty
Package: kvdefinekeys 2011/04/07 v1.3 Define keys (HO)
))
(/usr/share/texlive/texmf-dist/tex/latex/oberdiek/kvoptions.sty
Package: kvoptions 2011/06/30 v3.11 Key value format for package options (HO)

(/usr/share/texlive/texmf-dist/tex/generic/oberdiek/kvsetkeys.sty
Package: kvsetkeys 2012/04/25 v1.16 Key value parser (HO)

(/usr/share/texlive/texmf-dist/tex/generic/oberdiek/etexcmds.sty
Package: etexcmds 2011/02/16 v1.5 Avoid name clashes with e-TeX commands (HO)
Package etexcmds Info: Could not find \expanded.
(etexcmds)             That can mean that you are not using pdfTeX 1.50 or
(etexcmds)             that some package has redefined \expanded.
(etexcmds)             In the latter case, load this package earlier.
)))
Package grfext Info: Graphics extension search list:
(grfext)             [.png,.pdf,.jpg,.mps,.jpeg,.jbig2,.jb2,.PNG,.PDF,.JPG,.JPE
G,.JBIG2,.JB2,.eps]
(grfext)             \AppendGraphicsExtensions on input line 452.

(/usr/share/texlive/texmf-dist/tex/latex/latexconfig/epstopdf-sys.cfg
File: epstopdf-sys.cfg 2010/07/13 v1.3 Configuration of (r)epstopdf for TeX Liv
e
))
\c@lstlisting=\count122
\AtBeginShipoutBox=\box35

(/usr/share/texlive/texmf-dist/tex/latex/oberdiek/pdflscape.sty
Package: pdflscape 2008/08/11 v0.10 Display of landscape pages in PDF (HO)

(/usr/share/texlive/texmf-dist/tex/latex/graphics/lscape.sty
Package: lscape 2000/10/22 v3.01 Landscape Pages (DPC)
)
Package pdflscape Info: Auto-detected driver: pdftex on input line 80.

(/usr/share/texlive/texmf-dist/tex/generic/ifxetex/ifxetex.sty
Package: ifxetex 2010/09/12 v0.6 Provides ifxetex conditional
))
LaTeX Info: Redefining \microtypecontext on input line 35.
Package microtype Info: Generating PDF output.
Package microtype Info: Character protrusion enabled (level 2).
Package microtype Info: Using default protrusion set `alltext'.
Package microtype Info: Automatic font expansion enabled (level 2),
(microtype)             stretch: 20, shrink: 20, step: 1, non-selected.
Package microtype Info: Using default expansion set `basictext'.
Package microtype Info: No adjustment of tracking.
Package microtype Info: No adjustment of interword spacing.
Package microtype Info: No adjustment of character kerning.

(/usr/share/texlive/texmf-dist/tex/latex/microtype/mt-cmr.cfg
File: mt-cmr.cfg 2013/05/19 v2.2 microtype config. file: Computer Modern Roman 
(RS)
)
LaTeX Font Info:    Try loading font information for U+msa on input line 40.

(/usr/share/texlive/texmf-dist/tex/latex/amsfonts/umsa.fd
File: umsa.fd 2013/01/14 v3.01 AMS symbols A
)
(/usr/share/texlive/texmf-dist/tex/latex/microtype/mt-msa.cfg
File: mt-msa.cfg 2006/02/04 v1.1 microtype config. file: AMS symbols (a) (RS)
)
LaTeX Font Info:    Try loading font information for U+msb on input line 40.

(/usr/share/texlive/texmf-dist/tex/latex/amsfonts/umsb.fd
File: umsb.fd 2013/01/14 v3.01 AMS symbols B
)
(/usr/share/texlive/texmf-dist/tex/latex/microtype/mt-msb.cfg
File: mt-msb.cfg 2005/06/01 v1.0 microtype config. file: AMS symbols (b) (RS)
)
(./Assignment.toc)
\tf@toc=\write3
\openout3 = `Assignment.toc'.

 [1

{/var/lib/texmf/fonts/map/pdftex/updmap/pdftex.map}]
Underfull \hbox (badness 10000) in paragraph at lines 49--52

 []


Underfull \hbox (badness 10000) in paragraph at lines 49--52

 []


Underfull \hbox (badness 10000) in paragraph at lines 52--53

 []


Underfull \hbox (badness 10000) in paragraph at lines 53--54

 []

[2]
LaTeX Font Info:    Try loading font information for OMS+cmr on input line 59.
 (/usr/share/texlive/texmf-dist/tex/latex/base/omscmr.fd
File: omscmr.fd 2014/09/29 v2.5h Standard LaTeX font definitions
)
LaTeX Font Info:    Font shape `OMS/cmr/m/n' in size <10.95> not available
(Font)              Font shape `OMS/cmsy/m/n' tried instead on input line 59.

Underfull \hbox (badness 10000) in paragraph at lines 70--71

 []


Underfull \hbox (badness 10000) in paragraph at lines 71--72

 []

[3]
Underfull \hbox (badness 10000) in paragraph at lines 85--86

 []

[4]
Underfull \hbox (badness 10000) in paragraph at lines 104--105

 []

[5]
Underfull \hbox (badness 10000) in paragraph at lines 111--113

 []


Underfull \hbox (badness 10000) in paragraph at lines 132--137
[]$ \OT1/cmr/m/n/10.95 (+20) 6.129391
 []


Underfull \hbox (badness 10000) in paragraph at lines 139--144
[]$ \OT1/cmr/m/n/10.95 (+20) 4.601584
 []


Underfull \hbox (badness 10000) in paragraph at lines 125--145

 []


Underfull \hbox (badness 10000) in paragraph at lines 125--145

 []

[6] <Bays29GAPlot.jpeg, id=34, 472.01344pt x 332.74312pt>
File: Bays29GAPlot.jpeg Graphic file (type jpg)

<use Bays29GAPlot.jpeg>
Package pdftex.def Info: Bays29GAPlot.jpeg used on input line 150.
(pdftex.def)             Requested size: 188.80202pt x 133.09488pt.

Overfull \hbox (8.80202pt too wide) in paragraph at lines 150--151
 [][] 
 []

<Bays29ACOPlot.jpeg, id=35, 539.01375pt x 332.74312pt>
File: Bays29ACOPlot.jpeg Graphic file (type jpg)

<use Bays29ACOPlot.jpeg>
Package pdftex.def Info: Bays29ACOPlot.jpeg used on input line 156.
(pdftex.def)             Requested size: 215.60167pt x 133.09488pt.

Overfull \hbox (35.60167pt too wide) in paragraph at lines 156--157
 [][] 
 []


Overfull \hbox (2.43333pt too wide) in paragraph at lines 148--160
[]$[]$ $[]$ 
 []


Underfull \hbox (badness 10000) in paragraph at lines 167--172
[]$ \OT1/cmr/m/n/10.95 (+20) 8.432387
 []


Underfull \hbox (badness 10000) in paragraph at lines 174--179
[]$ \OT1/cmr/m/n/10.95 (+20) 5.431998
 []


Underfull \hbox (badness 10000) in paragraph at lines 161--180

 []

<att48GAGraph.jpeg, id=36, 430.60875pt x 332.74312pt>
File: att48GAGraph.jpeg Graphic file (type jpg)
 <use att48GAGraph.jpeg>
Package pdftex.def Info: att48GAGraph.jpeg used on input line 185.
(pdftex.def)             Requested size: 172.24043pt x 133.09488pt.

<Att48ACO.jpeg, id=37, 430.60875pt x 332.74312pt>
File: Att48ACO.jpeg Graphic file (type jpg)
 <use Att48ACO.jpeg>
Package pdftex.def Info: Att48ACO.jpeg used on input line 191.
(pdftex.def)             Requested size: 172.24043pt x 133.09488pt.

Overfull \hbox (2.43333pt too wide) in paragraph at lines 183--195
[]$[]$ $[]$ 
 []

[7 <./Bays29GAPlot.jpeg> <./Bays29ACOPlot.jpeg>]
Underfull \hbox (badness 10000) in paragraph at lines 202--207
[]$ \OT1/cmr/m/n/10.95 (+20) 26.76519
 []


Underfull \hbox (badness 10000) in paragraph at lines 209--214
[]$ \OT1/cmr/m/n/10.95 (+20) 9.542707
 []


Underfull \hbox (badness 10000) in paragraph at lines 196--215

 []

<ch130GAPlot.jpeg, id=42, 391.4625pt x 330.48468pt>
File: ch130GAPlot.jpeg Graphic file (type jpg)
 <use ch130GAPlot.jpeg>
Package pdftex.def Info: ch130GAPlot.jpeg used on input line 220.
(pdftex.def)             Requested size: 156.58221pt x 132.19153pt.

<ch130ACOPlot.jpeg, id=43, 504.38437pt x 330.48468pt>
File: ch130ACOPlot.jpeg Graphic file (type jpg)
 <use ch130ACOPlot.jpeg>
Package pdftex.def Info: ch130ACOPlot.jpeg used on input line 226.
(pdftex.def)             Requested size: 201.75017pt x 132.19153pt.

Overfull \hbox (21.75017pt too wide) in paragraph at lines 226--227
 [][] 
 []


Overfull \hbox (2.43333pt too wide) in paragraph at lines 218--230
[]$[]$ $[]$ 
 []


Underfull \hbox (badness 10000) in paragraph at lines 237--242
[]$ \OT1/cmr/m/n/10.95 (+20) 19.80362
 []


Underfull \hbox (badness 10000) in paragraph at lines 244--249
[]$ \OT1/cmr/m/n/10.95 (+20) 9.75988
 []


Underfull \hbox (badness 10000) in paragraph at lines 231--250

 []

<eli101GAPlot.jpeg, id=44, 405.01312pt x 330.48468pt>
File: eli101GAPlot.jpeg Graphic file (type jpg)
 <use eli101GAPlot.jpeg>
Package pdftex.def Info: eli101GAPlot.jpeg used on input line 255.
(pdftex.def)             Requested size: 162.00237pt x 132.19153pt.

<eli101ACOPlot.jpeg, id=45, 405.01312pt x 330.48468pt>
File: eli101ACOPlot.jpeg Graphic file (type jpg)

<use eli101ACOPlot.jpeg>
Package pdftex.def Info: eli101ACOPlot.jpeg used on input line 261.
(pdftex.def)             Requested size: 162.00237pt x 132.19153pt.

Overfull \hbox (2.43333pt too wide) in paragraph at lines 253--265
[]$[]$ $[]$ 
 []

[8 <./att48GAGraph.jpeg> <./Att48ACO.jpeg> <./ch130GAPlot.jpeg> <./ch130ACOPlot
.jpeg>] [9 <./eli101GAPlot.jpeg> <./eli101ACOPlot.jpeg>]
Overfull \hbox (33.77617pt too wide) in paragraph at lines 282--293
 [][] 
 []

[10]

pdfTeX warning: /usr/bin/pdflatex (file ./PDF.pdf): PDF inclusion: found PDF ve
rsion <1.6>, but at most version <1.5> allowed
<PDF.pdf, id=55, 614.295pt x 794.97pt>
File: PDF.pdf Graphic file (type pdf)
 <use PDF.pdf>
Package pdftex.def Info: PDF.pdf used on input line 295.
(pdftex.def)             Requested size: 614.29349pt x 794.96806pt.


pdfTeX warning: /usr/bin/pdflatex (file ./PDF.pdf): PDF inclusion: found PDF ve
rsion <1.6>, but at most version <1.5> allowed
File: PDF.pdf Graphic file (type pdf)
<use PDF.pdf>
Package pdftex.def Info: PDF.pdf used on input line 295.
(pdftex.def)             Requested size: 614.29349pt x 794.96806pt.


pdfTeX warning: /usr/bin/pdflatex (file ./PDF.pdf): PDF inclusion: found PDF ve
rsion <1.6>, but at most version <1.5> allowed


pdfTeX warning: /usr/bin/pdflatex (file ./PDF.pdf): PDF inclusion: found PDF ve
rsion <1.6>, but at most version <1.5> allowed
<PDF.pdf, id=58, page=1, 614.295pt x 794.97pt>
File: PDF.pdf Graphic file (type pdf)
 <use PDF.pdf, page 1>
Package pdftex.def Info: PDF.pdf, page1 used on input line 295.
(pdftex.def)             Requested size: 614.29349pt x 794.96806pt.
File: PDF.pdf Graphic file (type pdf)

<use PDF.pdf, page 1>
Package pdftex.def Info: PDF.pdf, page1 used on input line 295.
(pdftex.def)             Requested size: 460.72011pt x 596.22604pt.
File: PDF.pdf Graphic file (type pdf)
 <use PDF.pdf, page 1>
Package pdftex.def Info: PDF.pdf, page1 used on input line 295.
(pdftex.def)             Requested size: 460.72011pt x 596.22604pt.
File: PDF.pdf Graphic file (type pdf)
 <use PDF.pdf, page 1>
Package pdftex.def Info: PDF.pdf, page1 used on input line 295.
(pdftex.def)             Requested size: 460.72011pt x 596.22604pt.
File: PDF.pdf Graphic file (type pdf)

<use PDF.pdf, page 1>
Package pdftex.def Info: PDF.pdf, page1 used on input line 295.
(pdftex.def)             Requested size: 460.72011pt x 596.22604pt.
 [11 <./PDF.pdf>]
(/usr/share/texlive/texmf-dist/tex/latex/listings/lstlang1.sty
File: lstlang1.sty 2015/06/04 1.6 listings language file
)
(/usr/share/texlive/texmf-dist/tex/latex/listings/lstlang2.sty
File: lstlang2.sty 2015/06/04 1.6 listings language file
)
(/usr/share/texlive/texmf-dist/tex/latex/listings/lstlang3.sty
File: lstlang3.sty 2015/06/04 1.6 listings language file
)
LaTeX Font Info:    Try loading font information for OML+cmr on input line 326.


(/usr/share/texlive/texmf-dist/tex/latex/base/omlcmr.fd
File: omlcmr.fd 2014/09/29 v2.5h Standard LaTeX font definitions
)
LaTeX Font Info:    Font shape `OML/cmr/bx/n' in size <10.95> not available
(Font)              Font shape `OML/cmm/b/it' tried instead on input line 326.
 [12] [13] [14]
LaTeX Font Info:    Font shape `OMS/cmr/bx/n' in size <10.95> not available
(Font)              Font shape `OMS/cmsy/b/n' tried instead on input line 397.

Overfull \hbox (179.0354pt too wide) in paragraph at lines 401--402
[][][][] 
 []


Overfull \hbox (553.5293pt too wide) in paragraph at lines 402--403
[][][][] 
 []


Overfull \hbox (560.09937pt too wide) in paragraph at lines 403--404
[][] 
 []


Overfull \hbox (560.09937pt too wide) in paragraph at lines 404--405
[][] 
 []


Overfull \hbox (573.2395pt too wide) in paragraph at lines 405--406
[][] 
 []

[15]
LaTeX Font Info:    Font shape `OML/cmr/m/n' in size <10.95> not available
(Font)              Font shape `OML/cmm/m/it' tried instead on input line 432.
 [16] [17] [18] [19] [20] [21] [22]
Overfull \hbox (179.0354pt too wide) in paragraph at lines 625--626
[][][][] 
 []


Overfull \hbox (553.5293pt too wide) in paragraph at lines 626--627
[][][][] 
 []


Overfull \hbox (560.09937pt too wide) in paragraph at lines 627--628
[][] 
 []


Overfull \hbox (560.09937pt too wide) in paragraph at lines 628--629
[][] 
 []


Overfull \hbox (573.2395pt too wide) in paragraph at lines 629--630
[][] 
 []

[23] [24] [25]
Package microtype Info: Loading generic settings for font family
(microtype)             `cmtt' (encoding: OT1).
(microtype)             For optimal results, create family-specific settings.
(microtype)             See the microtype manual for details.

Overfull \hbox (68.17102pt too wide) in paragraph at lines 686--690
\OT1/cmtt/m/n/10.95 https://www.whitman.edu/Documents/Academics/Mathematics/201
4/carrjk.pdf\OT1/cmr/m/n/10.95 (-20) . 
 []


Underfull \hbox (badness 1824) in paragraph at lines 698--701
[]\OT1/cmr/m/n/10.95 (+20) Unknown. \OT1/cmr/m/it/10.95 (+20) MP-TESTDATA - The
 TSPLIB Sym-met-ric Trav-el-ing
 []


Overfull \hbox (1.95462pt too wide) in paragraph at lines 698--701
\OT1/cmtt/m/n/10.95 http://elib.zib.de/pub/mp-testdata/tsp/tsplib/tsp/index.htm
l 
 []


Overfull \hbox (102.66315pt too wide) in paragraph at lines 707--711
\OT1/cmtt/m/n/10.95 https://ieeexplore-ieee-org.ejournals.um.edu.mt/document/55
86153/?reload=true\OT1/cmr/m/n/10.95 (-20) . 
 []


Underfull \hbox (badness 2080) in paragraph at lines 719--723
\OT1/cmr/m/it/10.95 (+20) TRAV-EL-ING DALES-MAN PROB-LEM\OT1/cmr/m/n/10.95 (+20
) . \OT1/cmr/m/it/10.95 (+20) In-ter-na-tional Jour-nal of
 []


Overfull \hbox (107.20178pt too wide) in paragraph at lines 719--723
\OT1/cmr/m/n/10.95 (-20) available: \OT1/cmtt/m/n/10.95 http://www.serialsjourn
als.com/serialjournalmanager/pdf/1330336909.pdf 
 []


Overfull \hbox (100.6021pt too wide) in paragraph at lines 725--728
\OT1/cmtt/m/n/10.95 https://www.researchgate.net/profile/Darrell[]Whitley2/publ
ication/2527551[]The[] 
 []


Overfull \hbox (113.93904pt too wide) in paragraph at lines 725--728
\OT1/cmtt/m/n/10.95 GENITOR[]Algorithm[]and[]Selection[]Pressure[]Why[]Rank-Bas
ed[]Allocation[]of[]Reproductive 
 []


Overfull \hbox (71.16885pt too wide) in paragraph at lines 725--728
[]\OT1/cmtt/m/n/10.95 Trials[]is[]Best/links/5632149808ae3de9381e72c5/The-GENIT
OR-Algorithm-and- 
 []


Overfull \hbox (111.17969pt too wide) in paragraph at lines 725--728
\OT1/cmtt/m/n/10.95 Selection-Pressure-Why-Rank-Based-Allocation-of-Reproductiv
e-Trials-is-Best.pdf 
 []

[26]
Overfull \hbox (105.431pt too wide) in paragraph at lines 730--733
\OT1/cmtt/m/n/10.95 https://pdfs.semanticscholar.org/010b/545848cfd29fe6e83987d
494fdd00b486229.pdf 
 []

[27] (./Assignment.aux) ) 
Here is how much of TeX's memory you used:
 8333 strings out of 494910
 117835 string characters out of 6179835
 370429 words of memory out of 5000000
 11380 multiletter control sequences out of 15000+600000
 17211 words of font info for 94 fonts, out of 8000000 for 9000
 36 hyphenation exceptions out of 8191
 38i,19n,46p,858b,2338s stack positions out of 5000i,500n,10000p,200000b,80000s
</usr/share/texlive/texmf-dist/fonts/type1/public/amsf
onts/cm/cmbsy10.pfb></usr/share/texlive/texmf-dist/fonts/type1/public/amsfonts/
cm/cmbx10.pfb></usr/share/texlive/texmf-dist/fonts/type1/public/amsfonts/cm/cmb
x12.pfb></usr/share/texlive/texmf-dist/fonts/type1/public/amsfonts/cm/cmex10.pf
b></usr/share/texlive/texmf-dist/fonts/type1/public/amsfonts/cm/cmmi10.pfb></us
r/share/texlive/texmf-dist/fonts/type1/public/amsfonts/cm/cmmi6.pfb></usr/share
/texlive/texmf-dist/fonts/type1/public/amsfonts/cm/cmmi8.pfb></usr/share/texliv
e/texmf-dist/fonts/type1/public/amsfonts/cm/cmmib10.pfb></usr/share/texlive/tex
mf-dist/fonts/type1/public/amsfonts/cm/cmr10.pfb></usr/share/texlive/texmf-dist
/fonts/type1/public/amsfonts/cm/cmr12.pfb></usr/share/texlive/texmf-dist/fonts/
type1/public/amsfonts/cm/cmr17.pfb></usr/share/texlive/texmf-dist/fonts/type1/p
ublic/amsfonts/cm/cmr8.pfb></usr/share/texlive/texmf-dist/fonts/type1/public/am
sfonts/cm/cmsy10.pfb></usr/share/texlive/texmf-dist/fonts/type1/public/amsfonts
/cm/cmsy8.pfb></usr/share/texlive/texmf-dist/fonts/type1/public/amsfonts/cm/cmt
i10.pfb></usr/share/texlive/texmf-dist/fonts/type1/public/amsfonts/cm/cmtt10.pf
b>
Output written on Assignment.pdf (27 pages, 626100 bytes).
PDF statistics:
 206 PDF objects out of 1000 (max. 8388607)
 123 compressed objects within 2 object streams
 0 named destinations out of 1000 (max. 500000)
 11325 words of extra memory for PDF output out of 12000 (max. 10000000)

